# JRE version: Java(TM) SE Runtime Environment 18.9 (11.0.12+8) (build 11.0.12+8-LTS-237)
# Java VM: Java HotSpot(TM) 64-Bit Server VM 18.9 (11.0.12+8-LTS-237, mixed mode, tiered, compressed oops, g1 gc, windows-amd64)
Heap:
 garbage-first heap   total 310272K, used 151442K [0x0000000705200000, 0x0000000800000000)
  region size 1024K, 140 young (143360K), 16 survivors (16384K)
 Metaspace       used 74797K, capacity 76769K, committed 76832K, reserved 1116160K
  class space    used 9112K, capacity 9850K, committed 9856K, reserved 1048576K
GC Heap History (10 events):
Event: 1.220 GC heap before
{Heap before GC invocations=4 (full 0):
 garbage-first heap   total 258048K, used 158068K [0x0000000705200000, 0x0000000800000000)
  region size 1024K, 151 young (154624K), 7 survivors (7168K)
 Metaspace       used 31417K, capacity 32401K, committed 32640K, reserved 1077248K
  class space    used 3758K, capacity 4139K, committed 4224K, reserved 1048576K
}
Event: 1.224 GC heap after
{Heap after GC invocations=5 (full 0):
 garbage-first heap   total 258048K, used 14333K [0x0000000705200000, 0x0000000800000000)
  region size 1024K, 10 young (10240K), 10 survivors (10240K)
 Metaspace       used 31417K, capacity 32401K, committed 32640K, reserved 1077248K
  class space    used 3758K, capacity 4139K, committed 4224K, reserved 1048576K
}
Event: 1.356 GC heap before
{Heap before GC invocations=5 (full 0):
 garbage-first heap   total 258048K, used 53245K [0x0000000705200000, 0x0000000800000000)
  region size 1024K, 49 young (50176K), 10 survivors (10240K)
 Metaspace       used 34390K, capacity 35482K, committed 35628K, reserved 1081344K
  class space    used 4180K, capacity 4636K, committed 4736K, reserved 1048576K
}
Event: 1.363 GC heap after
{Heap after GC invocations=6 (full 0):
 garbage-first heap   total 310272K, used 16485K [0x0000000705200000, 0x0000000800000000)
  region size 1024K, 12 young (12288K), 12 survivors (12288K)
 Metaspace       used 34390K, capacity 35482K, committed 35628K, reserved 1081344K
  class space    used 4180K, capacity 4636K, committed 4736K, reserved 1048576K
}
Event: 1.782 GC heap before
{Heap before GC invocations=7 (full 0):
 garbage-first heap   total 310272K, used 183397K [0x0000000705200000, 0x0000000800000000)
  region size 1024K, 176 young (180224K), 12 survivors (12288K)
 Metaspace       used 44828K, capacity 46247K, committed 46508K, reserved 1089536K
  class space    used 5586K, capacity 6135K, committed 6144K, reserved 1048576K
}
Event: 1.787 GC heap after
{Heap after GC invocations=8 (full 0):
 garbage-first heap   total 310272K, used 19772K [0x0000000705200000, 0x0000000800000000)
  region size 1024K, 15 young (15360K), 15 survivors (15360K)
 Metaspace       used 44828K, capacity 46247K, committed 46508K, reserved 1089536K
  class space    used 5586K, capacity 6135K, committed 6144K, reserved 1048576K
}
Event: 2.222 GC heap before
{Heap before GC invocations=8 (full 0):
 garbage-first heap   total 310272K, used 167228K [0x0000000705200000, 0x0000000800000000)
  region size 1024K, 160 young (163840K), 15 survivors (15360K)
 Metaspace       used 58209K, capacity 59677K, committed 59808K, reserved 1101824K
  class space    used 7301K, capacity 7894K, committed 7936K, reserved 1048576K
}
Event: 2.234 GC heap after
{Heap after GC invocations=9 (full 0):
 garbage-first heap   total 310272K, used 23101K [0x0000000705200000, 0x0000000800000000)
  region size 1024K, 16 young (16384K), 16 survivors (16384K)
 Metaspace       used 58209K, capacity 59677K, committed 59808K, reserved 1101824K
  class space    used 7301K, capacity 7894K, committed 7936K, reserved 1048576K
}
Event: 6.752 GC heap before
{Heap before GC invocations=10 (full 0):
 garbage-first heap   total 310272K, used 192061K [0x0000000705200000, 0x0000000800000000)
  region size 1024K, 181 young (185344K), 16 survivors (16384K)
 Metaspace       used 66596K, capacity 68384K, committed 68512K, reserved 1107968K
  class space    used 8413K, capacity 9127K, committed 9216K, reserved 1048576K
}
Event: 6.759 GC heap after
{Heap after GC invocations=11 (full 0):
 garbage-first heap   total 310272K, used 26514K [0x0000000705200000, 0x0000000800000000)
  region size 1024K, 16 young (16384K), 16 survivors (16384K)
 Metaspace       used 66596K, capacity 68384K, committed 68512K, reserved 1107968K
  class space    used 8413K, capacity 9127K, committed 9216K, reserved 1048576K
}

